<?xml version="1.0" encoding="UTF-8"?>
<testng-results ignored="0" total="1" passed="1" failed="0" skipped="0">
  <reporter-output>
  </reporter-output>
  <suite started-at="2024-07-12T18:40:19 IST" name="Default suite" finished-at="2024-07-12T18:40:24 IST" duration-ms="4349">
    <groups>
    </groups>
    <test started-at="2024-07-12T18:40:19 IST" name="Default test" finished-at="2024-07-12T18:40:24 IST" duration-ms="4349">
      <class name="SumValidation">
        <test-method signature="sumOfCourses()[pri:0, instance:SumValidation@71b1176b]" started-at="2024-07-12T18:40:20 IST" name="sumOfCourses" finished-at="2024-07-12T18:40:24 IST" duration-ms="4216" status="PASS">
          <reporter-output>
          </reporter-output>
        </test-method> <!-- sumOfCourses -->
      </class> <!-- SumValidation -->
    </test> <!-- Default test -->
  </suite> <!-- Default suite -->
</testng-results>
